INFO: [VRFC 10-2263] Analyzing Verilog file "C:/bvp/project_25/project_25.srcs/sources_1/new/fa.v" into library xil_defaultlib
INFO: [VRFC 10-311] analyzing module fa
INFO: [VRFC 10-2263] Analyzing Verilog file "C:/bvp/project_25/project_25.ip_user_files/bd/design_1/ip/design_1_xlslice_0_0/sim/design_1_xlslice_0_0.v" into library xil_defaultlib
INFO: [VRFC 10-311] analyzing module design_1_xlslice_0_0
INFO: [VRFC 10-2263] Analyzing Verilog file "C:/bvp/project_25/project_25.ip_user_files/bd/design_1/ip/design_1_xlslice_0_1/sim/design_1_xlslice_0_1.v" into library xil_defaultlib
INFO: [VRFC 10-311] analyzing module design_1_xlslice_0_1
INFO: [VRFC 10-2263] Analyzing Verilog file "C:/bvp/project_25/project_25.ip_user_files/bd/design_1/ip/design_1_xlslice_0_2/sim/design_1_xlslice_0_2.v" into library xil_defaultlib
INFO: [VRFC 10-311] analyzing module design_1_xlslice_0_2
INFO: [VRFC 10-2263] Analyzing Verilog file "C:/bvp/project_25/project_25.ip_user_files/bd/design_1/ip/design_1_xlslice_0_3/sim/design_1_xlslice_0_3.v" into library xil_defaultlib
INFO: [VRFC 10-311] analyzing module design_1_xlslice_0_3
INFO: [VRFC 10-2263] Analyzing Verilog file "C:/bvp/project_25/project_25.ip_user_files/bd/design_1/ip/design_1_xlslice_0_4/sim/design_1_xlslice_0_4.v" into library xil_defaultlib
INFO: [VRFC 10-311] analyzing module design_1_xlslice_0_4
INFO: [VRFC 10-2263] Analyzing Verilog file "C:/bvp/project_25/project_25.ip_user_files/bd/design_1/ip/design_1_xlslice_1_0/sim/design_1_xlslice_1_0.v" into library xil_defaultlib
INFO: [VRFC 10-311] analyzing module design_1_xlslice_1_0
INFO: [VRFC 10-2263] Analyzing Verilog file "C:/bvp/project_25/project_25.ip_user_files/bd/design_1/ip/design_1_xlslice_2_0/sim/design_1_xlslice_2_0.v" into library xil_defaultlib
INFO: [VRFC 10-311] analyzing module design_1_xlslice_2_0
INFO: [VRFC 10-2263] Analyzing Verilog file "C:/bvp/project_25/project_25.ip_user_files/bd/design_1/ip/design_1_xlslice_3_0/sim/design_1_xlslice_3_0.v" into library xil_defaultlib
INFO: [VRFC 10-311] analyzing module design_1_xlslice_3_0
INFO: [VRFC 10-2263] Analyzing Verilog file "C:/bvp/project_25/project_25.ip_user_files/bd/design_1/ip/design_1_xlconcat_0_0/sim/design_1_xlconcat_0_0.v" into library xil_defaultlib
INFO: [VRFC 10-311] analyzing module design_1_xlconcat_0_0
INFO: [VRFC 10-2263] Analyzing Verilog file "C:/bvp/project_25/project_25.ip_user_files/bd/design_1/ip/design_1_fa_0_1/sim/design_1_fa_0_1.v" into library xil_defaultlib
INFO: [VRFC 10-311] analyzing module design_1_fa_0_1
INFO: [VRFC 10-2263] Analyzing Verilog file "C:/bvp/project_25/project_25.ip_user_files/bd/design_1/ip/design_1_fa_0_2/sim/design_1_fa_0_2.v" into library xil_defaultlib
INFO: [VRFC 10-311] analyzing module design_1_fa_0_2
INFO: [VRFC 10-2263] Analyzing Verilog file "C:/bvp/project_25/project_25.ip_user_files/bd/design_1/ip/design_1_fa_0_0/sim/design_1_fa_0_0.v" into library xil_defaultlib
INFO: [VRFC 10-311] analyzing module design_1_fa_0_0
INFO: [VRFC 10-2263] Analyzing Verilog file "C:/bvp/project_25/project_25.ip_user_files/bd/design_1/ip/design_1_fa_0_3/sim/design_1_fa_0_3.v" into library xil_defaultlib
INFO: [VRFC 10-311] analyzing module design_1_fa_0_3
INFO: [VRFC 10-2263] Analyzing Verilog file "C:/bvp/project_25/project_25.ip_user_files/bd/design_1/sim/design_1.v" into library xil_defaultlib
INFO: [VRFC 10-311] analyzing module design_1
INFO: [VRFC 10-311] analyzing module hier_0_imp_MHUNTD
INFO: [VRFC 10-311] analyzing module hier_1_imp_JJAEZ6
INFO: [VRFC 10-311] analyzing module hier_2_imp_ZHJ3IV
INFO: [VRFC 10-2263] Analyzing Verilog file "C:/bvp/project_25/project_25.gen/sources_1/bd/design_1/hdl/design_1_wrapper.v" into library xil_defaultlib
INFO: [VRFC 10-311] analyzing module design_1_wrapper
INFO: [VRFC 10-2263] Analyzing Verilog file "C:/bvp/project_25/project_25.sim/sim_1/behav/xsim/glbl.v" into library xil_defaultlib
INFO: [VRFC 10-311] analyzing module glbl
