INFO: [VRFC 10-2263] Analyzing Verilog file "C:/bvp/project_26/project_26.srcs/sources_1/new/mux41.v" into library xil_defaultlib
INFO: [VRFC 10-311] analyzing module mux41
INFO: [VRFC 10-2263] Analyzing Verilog file "C:/bvp/project_26/project_26.srcs/sources_1/new/MUX21.v" into library xil_defaultlib
INFO: [VRFC 10-311] analyzing module MUX21
INFO: [VRFC 10-2263] Analyzing Verilog file "C:/bvp/project_26/project_26.ip_user_files/bd/design_2/ip/design_2_mux41_0_0/sim/design_2_mux41_0_0.v" into library xil_defaultlib
INFO: [VRFC 10-311] analyzing module design_2_mux41_0_0
INFO: [VRFC 10-2263] Analyzing Verilog file "C:/bvp/project_26/project_26.ip_user_files/bd/design_2/ip/design_2_mux41_0_3/sim/design_2_mux41_0_3.v" into library xil_defaultlib
INFO: [VRFC 10-311] analyzing module design_2_mux41_0_3
INFO: [VRFC 10-2263] Analyzing Verilog file "C:/bvp/project_26/project_26.ip_user_files/bd/design_2/ip/design_2_MUX21_0_0/sim/design_2_MUX21_0_0.v" into library xil_defaultlib
INFO: [VRFC 10-311] analyzing module design_2_MUX21_0_0
INFO: [VRFC 10-2263] Analyzing Verilog file "C:/bvp/project_26/project_26.ip_user_files/bd/design_2/ip/design_2_xlslice_0_0/sim/design_2_xlslice_0_0.v" into library xil_defaultlib
INFO: [VRFC 10-311] analyzing module design_2_xlslice_0_0
INFO: [VRFC 10-2263] Analyzing Verilog file "C:/bvp/project_26/project_26.ip_user_files/bd/design_2/ip/design_2_xlslice_0_1/sim/design_2_xlslice_0_1.v" into library xil_defaultlib
INFO: [VRFC 10-311] analyzing module design_2_xlslice_0_1
INFO: [VRFC 10-2263] Analyzing Verilog file "C:/bvp/project_26/project_26.ip_user_files/bd/design_2/ip/design_2_xlslice_0_2/sim/design_2_xlslice_0_2.v" into library xil_defaultlib
INFO: [VRFC 10-311] analyzing module design_2_xlslice_0_2
INFO: [VRFC 10-2263] Analyzing Verilog file "C:/bvp/project_26/project_26.ip_user_files/bd/design_2/ip/design_2_xlslice_0_3/sim/design_2_xlslice_0_3.v" into library xil_defaultlib
INFO: [VRFC 10-311] analyzing module design_2_xlslice_0_3
INFO: [VRFC 10-2263] Analyzing Verilog file "C:/bvp/project_26/project_26.ip_user_files/bd/design_2/ip/design_2_xlslice_0_4/sim/design_2_xlslice_0_4.v" into library xil_defaultlib
INFO: [VRFC 10-311] analyzing module design_2_xlslice_0_4
INFO: [VRFC 10-2263] Analyzing Verilog file "C:/bvp/project_26/project_26.ip_user_files/bd/design_2/ip/design_2_xlslice_0_5/sim/design_2_xlslice_0_5.v" into library xil_defaultlib
INFO: [VRFC 10-311] analyzing module design_2_xlslice_0_5
INFO: [VRFC 10-2263] Analyzing Verilog file "C:/bvp/project_26/project_26.ip_user_files/bd/design_2/ip/design_2_xlslice_0_6/sim/design_2_xlslice_0_6.v" into library xil_defaultlib
INFO: [VRFC 10-311] analyzing module design_2_xlslice_0_6
INFO: [VRFC 10-2263] Analyzing Verilog file "C:/bvp/project_26/project_26.ip_user_files/bd/design_2/ip/design_2_xlslice_0_7/sim/design_2_xlslice_0_7.v" into library xil_defaultlib
INFO: [VRFC 10-311] analyzing module design_2_xlslice_0_7
INFO: [VRFC 10-2263] Analyzing Verilog file "C:/bvp/project_26/project_26.ip_user_files/bd/design_2/ip/design_2_xlslice_8_0/sim/design_2_xlslice_8_0.v" into library xil_defaultlib
INFO: [VRFC 10-311] analyzing module design_2_xlslice_8_0
INFO: [VRFC 10-2263] Analyzing Verilog file "C:/bvp/project_26/project_26.ip_user_files/bd/design_2/ip/design_2_xlslice_8_1/sim/design_2_xlslice_8_1.v" into library xil_defaultlib
INFO: [VRFC 10-311] analyzing module design_2_xlslice_8_1
INFO: [VRFC 10-2263] Analyzing Verilog file "C:/bvp/project_26/project_26.ip_user_files/bd/design_2/sim/design_2.v" into library xil_defaultlib
INFO: [VRFC 10-311] analyzing module design_2
INFO: [VRFC 10-311] analyzing module hier_0_imp_5ZU7VS
INFO: [VRFC 10-311] analyzing module hier_1_imp_SQSDN
INFO: [VRFC 10-311] analyzing module hier_2_imp_1J3K2VV
INFO: [VRFC 10-311] analyzing module hier_3_imp_1N7JG6W
INFO: [VRFC 10-311] analyzing module hier_4_imp_1D46B8X
INFO: [VRFC 10-311] analyzing module hier_5_imp_108212C
INFO: [VRFC 10-2263] Analyzing Verilog file "C:/bvp/project_26/project_26.gen/sources_1/bd/design_2/hdl/design_2_wrapper.v" into library xil_defaultlib
INFO: [VRFC 10-311] analyzing module design_2_wrapper
INFO: [VRFC 10-2263] Analyzing Verilog file "C:/bvp/project_26/project_26.sim/sim_1/behav/xsim/glbl.v" into library xil_defaultlib
INFO: [VRFC 10-311] analyzing module glbl
