#-----------------------------------------------------------
# Vivado v2024.2 (64-bit)
# SW Build 5239630 on Fri Nov 08 22:35:27 MST 2024
# IP Build 5239520 on Sun Nov 10 16:12:51 MST 2024
# SharedData Build 5239561 on Fri Nov 08 14:39:27 MST 2024
# Start of session at: Sat Jun 21 10:31:09 2025
# Process ID         : 5980
# Current directory  : C:/bvp/project_2/project_2.sim/sim_1/behav/xsim
# Command line       : vivado.exe -gui_launcher_event rodinguilauncherevent14208 C:\bvp\project_2\project_2.sim\sim_1\behav\xsim\half_add_behav.wdb
# Log file           : C:/bvp/project_2/project_2.sim/sim_1/behav/xsim/vivado.log
# Journal file       : C:/bvp/project_2/project_2.sim/sim_1/behav/xsim\vivado.jou
# Running On         : smiley
# Platform           : Windows Server 2016 or Windows 10
# Operating System   : 26100
# Processor Detail   : 12th Gen Intel(R) Core(TM) i5-1240P
# CPU Frequency      : 2112 MHz
# CPU Physical cores : 12
# CPU Logical cores  : 16
# Host memory        : 8245 MB
# Swap memory        : 11274 MB
# Total Virtual      : 19519 MB
# Available Virtual  : 6374 MB
#-----------------------------------------------------------
start_gui
open_wave_database {C:\bvp\project_2\project_2.sim\sim_1\behav\xsim\half_add_behav.wdb}
